
X Exiting due to SVC_TUNNEL_START: error creating tunnel: another tunnel is already running, shut it down first: ID { Route: 10.96.0.0/12 -> 192.168.49.2, machineName: minikube, Pid: 56803 }
* 
╭─────────────────────────────────────────────────────────────────────────────────────────────╮
│                                                                                             │
│    * If the above advice does not help, please let us know:                                 │
│      https://github.com/kubernetes/minikube/issues/new/choose                               │
│                                                                                             │
│    * Please run `minikube logs --file=logs.txt` and attach logs.txt to the GitHub issue.    │
│    * Please also attach the following file to the GitHub issue:                             │
│    * - /tmp/minikube_tunnel_bf1db4d066805542dbd728410c58cc8f51c951b0_0.log                  │
│                                                                                             │
╰─────────────────────────────────────────────────────────────────────────────────────────────╯

Status:	
	machine: minikube
	pid: 60964
	route: 10.96.0.0/12 -> 192.168.49.2
	minikube: Running
	services: [flask-service, mongo-express-service]
    errors: 
		minikube: no errors
		router: no errors
		loadbalancer emulator: no errors
Status:	
	machine: minikube
	pid: 60964
	route: 10.96.0.0/12 -> 192.168.49.2
	minikube: Running
	services: [flask-service, mongo-express-service]
    errors: 
		minikube: no errors
		router: no errors
		loadbalancer emulator: no errors
Status:	
	machine: minikube
	pid: 60964
	route: 10.96.0.0/12 -> 192.168.49.2
	minikube: Running
	services: [flask-service, mongo-express-service]
    errors: 
		minikube: no errors
		router: no errors
		loadbalancer emulator: no errors
Status:	
	machine: minikube
	pid: 60964
	route: 10.96.0.0/12 -> 192.168.49.2
	minikube: Running
	services: [flask-service, mongo-express-service]
    errors: 
		minikube: no errors
		router: no errors
		loadbalancer emulator: no errors
Status:	
	machine: minikube
	pid: 60964
	route: 10.96.0.0/12 -> 192.168.49.2
	minikube: Running
	services: [flask-service, mongo-express-service]
    errors: 
		minikube: no errors
		router: no errors
		loadbalancer emulator: no errors
Status:	
	machine: minikube
	pid: 60964
	route: 10.96.0.0/12 -> 192.168.49.2
	minikube: Running
	services: [flask-service, mongo-express-service]
    errors: 
		minikube: no errors
		router: no errors
		loadbalancer emulator: no errors
Status:	
	machine: minikube
	pid: 60964
	route: 10.96.0.0/12 -> 192.168.49.2
	minikube: Running
	services: [flask-service, mongo-express-service]
    errors: 
		minikube: no errors
		router: no errors
		loadbalancer emulator: no errors
Status:	
	machine: minikube
	pid: 60964
	route: 10.96.0.0/12 -> 192.168.49.2
	minikube: Running
	services: [flask-service, mongo-express-service]
    errors: 
		minikube: no errors
		router: no errors
		loadbalancer emulator: no errors
Status:	
	machine: minikube
	pid: 60964
	route: 10.96.0.0/12 -> 192.168.49.2
	minikube: Running
	services: [flask-service, mongo-express-service]
    errors: 
		minikube: no errors
		router: no errors
		loadbalancer emulator: no errors
Status:	
	machine: minikube
	pid: 60964
	route: 10.96.0.0/12 -> 192.168.49.2
	minikube: Running
	services: [flask-service, mongo-express-service]
    errors: 
		minikube: no errors
		router: no errors
		loadbalancer emulator: no errors
Status:	
	machine: minikube
	pid: 60964
	route: 10.96.0.0/12 -> 192.168.49.2
	minikube: Running
	services: [flask-service, mongo-express-service]
    errors: 
		minikube: no errors
		router: no errors
		loadbalancer emulator: no errors
Status:	
	machine: minikube
	pid: 60964
	route: 10.96.0.0/12 -> 192.168.49.2
	minikube: Running
	services: [flask-service, mongo-express-service]
    errors: 
		minikube: no errors
		router: no errors
		loadbalancer emulator: no errors
Status:	
	machine: minikube
	pid: 60964
	route: 10.96.0.0/12 -> 192.168.49.2
	minikube: Running
	services: [flask-service, mongo-express-service]
    errors: 
		minikube: no errors
		router: no errors
		loadbalancer emulator: no errors
Status:	
	machine: minikube
	pid: 60964
	route: 10.96.0.0/12 -> 192.168.49.2
	minikube: Running
	services: [flask-service, mongo-express-service]
    errors: 
		minikube: no errors
		router: no errors
		loadbalancer emulator: no errors
Status:	
	machine: minikube
	pid: 60964
	route: 10.96.0.0/12 -> 192.168.49.2
	minikube: Running
	services: [flask-service, mongo-express-service]
    errors: 
		minikube: no errors
		router: no errors
		loadbalancer emulator: no errors
Status:	
	machine: minikube
	pid: 60964
	route: 10.96.0.0/12 -> 192.168.49.2
	minikube: Running
	services: [flask-service, mongo-express-service]
    errors: 
		minikube: no errors
		router: no errors
		loadbalancer emulator: no errors
Status:	
	machine: minikube
	pid: 60964
	route: 10.96.0.0/12 -> 192.168.49.2
	minikube: Running
	services: [flask-service, mongo-express-service]
    errors: 
		minikube: no errors
		router: no errors
		loadbalancer emulator: no errors
Status:	
	machine: minikube
	pid: 60964
	route: 10.96.0.0/12 -> 192.168.49.2
	minikube: Running
	services: [flask-service, mongo-express-service]
    errors: 
		minikube: no errors
		router: no errors
		loadbalancer emulator: no errors
Status:	
	machine: minikube
	pid: 60964
	route: 10.96.0.0/12 -> 192.168.49.2
	minikube: Running
	services: [flask-service, mongo-express-service]
    errors: 
		minikube: no errors
		router: no errors
		loadbalancer emulator: no errors
Status:	
	machine: minikube
	pid: 60964
	route: 10.96.0.0/12 -> 192.168.49.2
	minikube: Running
	services: [flask-service, mongo-express-service]
    errors: 
		minikube: no errors
		router: no errors
		loadbalancer emulator: no errors
Status:	
	machine: minikube
	pid: 60964
	route: 10.96.0.0/12 -> 192.168.49.2
	minikube: Running
	services: [flask-service, mongo-express-service]
    errors: 
		minikube: no errors
		router: no errors
		loadbalancer emulator: no errors
Status:	
	machine: minikube
	pid: 60964
	route: 10.96.0.0/12 -> 192.168.49.2
	minikube: Running
	services: [flask-service, mongo-express-service]
    errors: 
		minikube: no errors
		router: no errors
		loadbalancer emulator: no errors
Status:	
	machine: minikube
	pid: 60964
	route: 10.96.0.0/12 -> 192.168.49.2
	minikube: Running
	services: [flask-service, mongo-express-service]
    errors: 
		minikube: no errors
		router: no errors
		loadbalancer emulator: no errors
Status:	
	machine: minikube
	pid: 63362
	route: 10.96.0.0/12 -> 192.168.49.2
	minikube: Running
	services: [flask-service, mongo-express-service]
    errors: 
		minikube: no errors
		router: no errors
		loadbalancer emulator: no errors
Status:	
	machine: minikube
	pid: 63362
	route: 10.96.0.0/12 -> 192.168.49.2
	minikube: Running
	services: [flask-service, mongo-express-service]
    errors: 
		minikube: no errors
		router: no errors
		loadbalancer emulator: no errors
Status:	
	machine: minikube
	pid: 63362
	route: 10.96.0.0/12 -> 192.168.49.2
	minikube: Running
	services: [flask-service, mongo-express-service]
    errors: 
		minikube: no errors
		router: no errors
		loadbalancer emulator: no errors
Status:	
	machine: minikube
	pid: 63362
	route: 10.96.0.0/12 -> 192.168.49.2
	minikube: Running
	services: [flask-service, mongo-express-service]
    errors: 
		minikube: no errors
		router: no errors
		loadbalancer emulator: no errors
Status:	
	machine: minikube
	pid: 63362
	route: 10.96.0.0/12 -> 192.168.49.2
	minikube: Running
	services: [flask-service, mongo-express-service]
    errors: 
		minikube: no errors
		router: no errors
		loadbalancer emulator: no errors
Status:	
	machine: minikube
	pid: 63362
	route: 10.96.0.0/12 -> 192.168.49.2
	minikube: Running
	services: [flask-service, mongo-express-service]
    errors: 
		minikube: no errors
		router: no errors
		loadbalancer emulator: no errors
Status:	
	machine: minikube
	pid: 63362
	route: 10.96.0.0/12 -> 192.168.49.2
	minikube: Running
	services: [flask-service, mongo-express-service]
    errors: 
		minikube: no errors
		router: no errors
		loadbalancer emulator: no errors
Status:	
	machine: minikube
	pid: 63362
	route: 10.96.0.0/12 -> 192.168.49.2
	minikube: Running
	services: [flask-service, mongo-express-service]
    errors: 
		minikube: no errors
		router: no errors
		loadbalancer emulator: no errors
Status:	
	machine: minikube
	pid: 63362
	route: 10.96.0.0/12 -> 192.168.49.2
	minikube: Running
	services: [flask-service, mongo-express-service]
    errors: 
		minikube: no errors
		router: no errors
		loadbalancer emulator: no errors
Status:	
	machine: minikube
	pid: 63362
	route: 10.96.0.0/12 -> 192.168.49.2
	minikube: Running
	services: [flask-service, mongo-express-service]
    errors: 
		minikube: no errors
		router: no errors
		loadbalancer emulator: no errors
Status:	
	machine: minikube
	pid: 63362
	route: 10.96.0.0/12 -> 192.168.49.2
	minikube: Running
	services: [flask-service, mongo-express-service]
    errors: 
		minikube: no errors
		router: no errors
		loadbalancer emulator: no errors
Status:	
	machine: minikube
	pid: 63362
	route: 10.96.0.0/12 -> 192.168.49.2
	minikube: Running
	services: [flask-service, mongo-express-service]
    errors: 
		minikube: no errors
		router: no errors
		loadbalancer emulator: no errors
Status:	
	machine: minikube
	pid: 63362
	route: 10.96.0.0/12 -> 192.168.49.2
	minikube: Running
	services: [flask-service, mongo-express-service]
    errors: 
		minikube: no errors
		router: no errors
		loadbalancer emulator: no errors
Status:	
	machine: minikube
	pid: 63362
	route: 10.96.0.0/12 -> 192.168.49.2
	minikube: Running
	services: [flask-service, mongo-express-service]
    errors: 
		minikube: no errors
		router: no errors
		loadbalancer emulator: no errors
Status:	
	machine: minikube
	pid: 63362
	route: 10.96.0.0/12 -> 192.168.49.2
	minikube: Running
	services: [flask-service, mongo-express-service]
    errors: 
		minikube: no errors
		router: no errors
		loadbalancer emulator: no errors
Status:	
	machine: minikube
	pid: 63362
	route: 10.96.0.0/12 -> 192.168.49.2
	minikube: Running
	services: [flask-service, mongo-express-service]
    errors: 
		minikube: no errors
		router: no errors
		loadbalancer emulator: no errors
Status:	
	machine: minikube
	pid: 63362
	route: 10.96.0.0/12 -> 192.168.49.2
	minikube: Running
	services: [flask-service, mongo-express-service]
    errors: 
		minikube: no errors
		router: no errors
		loadbalancer emulator: no errors
Status:	
	machine: minikube
	pid: 63362
	route: 10.96.0.0/12 -> 192.168.49.2
	minikube: Running
	services: [flask-service, mongo-express-service]
    errors: 
		minikube: no errors
		router: no errors
		loadbalancer emulator: no errors
Status:	
	machine: minikube
	pid: 63362
	route: 10.96.0.0/12 -> 192.168.49.2
	minikube: Running
	services: [flask-service, mongo-express-service]
    errors: 
		minikube: no errors
		router: no errors
		loadbalancer emulator: no errors
Status:	
	machine: minikube
	pid: 63362
	route: 10.96.0.0/12 -> 192.168.49.2
	minikube: Running
	services: [flask-service, mongo-express-service]
    errors: 
		minikube: no errors
		router: no errors
		loadbalancer emulator: no errors
Status:	
	machine: minikube
	pid: 63362
	route: 10.96.0.0/12 -> 192.168.49.2
	minikube: Running
	services: [flask-service, mongo-express-service]
    errors: 
		minikube: no errors
		router: no errors
		loadbalancer emulator: no errors
Status:	
	machine: minikube
	pid: 63362
	route: 10.96.0.0/12 -> 192.168.49.2
	minikube: Running
	services: [flask-service, mongo-express-service]
    errors: 
		minikube: no errors
		router: no errors
		loadbalancer emulator: no errors
Status:	
	machine: minikube
	pid: 63362
	route: 10.96.0.0/12 -> 192.168.49.2
	minikube: Running
	services: [flask-service, mongo-express-service]
    errors: 
		minikube: no errors
		router: no errors
		loadbalancer emulator: no errors
Status:	
	machine: minikube
	pid: 63362
	route: 10.96.0.0/12 -> 192.168.49.2
	minikube: Running
	services: [flask-service, mongo-express-service]
    errors: 
		minikube: no errors
		router: no errors
		loadbalancer emulator: no errors
Status:	
	machine: minikube
	pid: 63362
	route: 10.96.0.0/12 -> 192.168.49.2
	minikube: Running
	services: [flask-service, mongo-express-service]
    errors: 
		minikube: no errors
		router: no errors
		loadbalancer emulator: no errors
Status:	
	machine: minikube
	pid: 63362
	route: 10.96.0.0/12 -> 192.168.49.2
	minikube: Running
	services: [flask-service, mongo-express-service]
    errors: 
		minikube: no errors
		router: no errors
		loadbalancer emulator: no errors
Status:	
	machine: minikube
	pid: 63362
	route: 10.96.0.0/12 -> 192.168.49.2
	minikube: Running
	services: []
    errors: 
		minikube: no errors
		router: no errors
		loadbalancer emulator: no errors

X Exiting due to SVC_TUNNEL_START: error creating tunnel: another tunnel is already running, shut it down first: ID { Route: 10.96.0.0/12 -> 192.168.49.2, machineName: minikube, Pid: 63362 }
* 
╭─────────────────────────────────────────────────────────────────────────────────────────────╮
│                                                                                             │
│    * If the above advice does not help, please let us know:                                 │
│      https://github.com/kubernetes/minikube/issues/new/choose                               │
│                                                                                             │
│    * Please run `minikube logs --file=logs.txt` and attach logs.txt to the GitHub issue.    │
│    * Please also attach the following file to the GitHub issue:                             │
│    * - /tmp/minikube_tunnel_bf1db4d066805542dbd728410c58cc8f51c951b0_0.log                  │
│                                                                                             │
╰─────────────────────────────────────────────────────────────────────────────────────────────╯

Status:	
	machine: minikube
	pid: 63362
	route: 10.96.0.0/12 -> 192.168.49.2
	minikube: Running
	services: [flask-service, mongo-express-service]
    errors: 
		minikube: no errors
		router: no errors
		loadbalancer emulator: no errors
Status:	
	machine: minikube
	pid: 63362
	route: 10.96.0.0/12 -> 192.168.49.2
	minikube: Running
	services: [flask-service, mongo-express-service]
    errors: 
		minikube: no errors
		router: no errors
		loadbalancer emulator: no errors
Status:	
	machine: minikube
	pid: 63362
	route: 10.96.0.0/12 -> 192.168.49.2
	minikube: Running
	services: [flask-service, mongo-express-service]
    errors: 
		minikube: no errors
		router: no errors
		loadbalancer emulator: no errors
Status:	
	machine: minikube
	pid: 63362
	route: 10.96.0.0/12 -> 192.168.49.2
	minikube: Running
	services: [flask-service, mongo-express-service]
    errors: 
		minikube: no errors
		router: no errors
		loadbalancer emulator: no errors
